[36m 2021/07/14 17:56 [0;39m [32mINFO [0;39m  - Starting Application using Java 11.0.10 on MacBookAir.local with PID 8625 (/Users/sanghyeonkim/Downloads/Dev/final/21AM_e_um_final/target/classes started by sanghyeonkim in /Users/sanghyeonkim/Downloads/Dev/final/21AM_e_um_final)
[36m 2021/07/14 17:56 [0;39m [32mINFO [0;39m  - No active profile set, falling back to default profiles: default
[36m 2021/07/14 17:56 [0;39m [33mWARN [0;39m  - No MyBatis mapper was found in '[com.e_um]' package. Please check your configuration.
[36m 2021/07/14 17:56 [0;39m [32mINFO [0;39m  - Tomcat initialized with port(s): 9090 (http)
[36m 2021/07/14 17:56 [0;39m [32mINFO [0;39m  - Starting service [Tomcat]
[36m 2021/07/14 17:56 [0;39m [32mINFO [0;39m  - Starting Servlet engine: [Apache Tomcat/9.0.48]
[36m 2021/07/14 17:56 [0;39m [32mINFO [0;39m  - Initializing Spring embedded WebApplicationContext
[36m 2021/07/14 17:56 [0;39m [32mINFO [0;39m  - Root WebApplicationContext: initialization completed in 1589 ms
[36m 2021/07/14 17:56 [0;39m [32mDEBUG[0;39m  - ControllerAdvice beans: 0 @ModelAttribute, 0 @InitBinder, 1 RequestBodyAdvice, 1 ResponseBodyAdvice
[36m 2021/07/14 17:56 [0;39m [32mDEBUG[0;39m  - 2 mappings in 'requestMappingHandlerMapping'
[36m 2021/07/14 17:56 [0;39m [32mDEBUG[0;39m  - Patterns [/webjars/**, /**] in 'resourceHandlerMapping'
[36m 2021/07/14 17:56 [0;39m [32mDEBUG[0;39m  - ControllerAdvice beans: 0 @ExceptionHandler, 1 ResponseBodyAdvice
[36m 2021/07/14 17:56 [0;39m [32mINFO [0;39m  - Tomcat started on port(s): 9090 (http) with context path ''
[36m 2021/07/14 17:56 [0;39m [32mINFO [0;39m  - Started Application in 3.18 seconds (JVM running for 3.878)
[36m 2021/07/14 17:57 [0;39m [32mINFO [0;39m  - Application shutdown requested.
[36m 2021/07/14 17:57 [0;39m [32mINFO [0;39m  - Starting Application using Java 11.0.10 on MacBookAir.local with PID 8640 (/Users/sanghyeonkim/Downloads/Dev/final/21AM_e_um_final/target/classes started by sanghyeonkim in /Users/sanghyeonkim/Downloads/Dev/final/21AM_e_um_final)
[36m 2021/07/14 17:57 [0;39m [32mINFO [0;39m  - No active profile set, falling back to default profiles: default
[36m 2021/07/14 17:57 [0;39m [33mWARN [0;39m  - No MyBatis mapper was found in '[com.e_um]' package. Please check your configuration.
[36m 2021/07/14 17:57 [0;39m [32mINFO [0;39m  - Tomcat initialized with port(s): 9090 (http)
[36m 2021/07/14 17:57 [0;39m [32mINFO [0;39m  - Starting service [Tomcat]
[36m 2021/07/14 17:57 [0;39m [32mINFO [0;39m  - Starting Servlet engine: [Apache Tomcat/9.0.48]
[36m 2021/07/14 17:57 [0;39m [32mINFO [0;39m  - Initializing Spring embedded WebApplicationContext
[36m 2021/07/14 17:57 [0;39m [32mINFO [0;39m  - Root WebApplicationContext: initialization completed in 1460 ms
[36m 2021/07/14 17:57 [0;39m [32mDEBUG[0;39m  - ControllerAdvice beans: 0 @ModelAttribute, 0 @InitBinder, 1 RequestBodyAdvice, 1 ResponseBodyAdvice
[36m 2021/07/14 17:57 [0;39m [32mDEBUG[0;39m  - 2 mappings in 'requestMappingHandlerMapping'
[36m 2021/07/14 17:57 [0;39m [32mDEBUG[0;39m  - Patterns [/webjars/**, /**] in 'resourceHandlerMapping'
[36m 2021/07/14 17:57 [0;39m [32mDEBUG[0;39m  - ControllerAdvice beans: 0 @ExceptionHandler, 1 ResponseBodyAdvice
[36m 2021/07/14 17:57 [0;39m [32mINFO [0;39m  - Tomcat started on port(s): 9090 (http) with context path ''
[36m 2021/07/14 17:57 [0;39m [32mINFO [0;39m  - Started Application in 3.34 seconds (JVM running for 4.678)
[36m 2021/07/14 17:57 [0;39m [32mINFO [0;39m  - Application shutdown requested.
[36m 2021/07/14 17:57 [0;39m [32mINFO [0;39m  - Starting Application using Java 11.0.10 on MacBookAir.local with PID 8645 (/Users/sanghyeonkim/Downloads/Dev/final/21AM_e_um_final/target/classes started by sanghyeonkim in /Users/sanghyeonkim/Downloads/Dev/final/21AM_e_um_final)
[36m 2021/07/14 17:57 [0;39m [32mINFO [0;39m  - No active profile set, falling back to default profiles: default
[36m 2021/07/14 17:57 [0;39m [33mWARN [0;39m  - No MyBatis mapper was found in '[com.e_um]' package. Please check your configuration.
[36m 2021/07/14 17:57 [0;39m [32mINFO [0;39m  - Tomcat initialized with port(s): 9090 (http)
[36m 2021/07/14 17:57 [0;39m [32mINFO [0;39m  - Starting service [Tomcat]
[36m 2021/07/14 17:57 [0;39m [32mINFO [0;39m  - Starting Servlet engine: [Apache Tomcat/9.0.48]
[36m 2021/07/14 17:57 [0;39m [32mINFO [0;39m  - Initializing Spring embedded WebApplicationContext
[36m 2021/07/14 17:57 [0;39m [32mINFO [0;39m  - Root WebApplicationContext: initialization completed in 1833 ms
[36m 2021/07/14 17:57 [0;39m [32mDEBUG[0;39m  - ControllerAdvice beans: 0 @ModelAttribute, 0 @InitBinder, 1 RequestBodyAdvice, 1 ResponseBodyAdvice
[36m 2021/07/14 17:57 [0;39m [32mDEBUG[0;39m  - 2 mappings in 'requestMappingHandlerMapping'
[36m 2021/07/14 17:57 [0;39m [32mDEBUG[0;39m  - Patterns [/webjars/**, /**] in 'resourceHandlerMapping'
[36m 2021/07/14 17:57 [0;39m [32mDEBUG[0;39m  - ControllerAdvice beans: 0 @ExceptionHandler, 1 ResponseBodyAdvice
[36m 2021/07/14 17:57 [0;39m [32mINFO [0;39m  - Tomcat started on port(s): 9090 (http) with context path ''
[36m 2021/07/14 17:57 [0;39m [32mINFO [0;39m  - Started Application in 3.759 seconds (JVM running for 4.497)
[36m 2021/07/14 17:58 [0;39m [32mINFO [0;39m  - Application shutdown requested.
[36m 2021/07/14 17:58 [0;39m [32mINFO [0;39m  - Starting Application using Java 11.0.10 on MacBookAir.local with PID 8655 (/Users/sanghyeonkim/Downloads/Dev/final/21AM_e_um_final/target/classes started by sanghyeonkim in /Users/sanghyeonkim/Downloads/Dev/final/21AM_e_um_final)
[36m 2021/07/14 17:58 [0;39m [32mINFO [0;39m  - No active profile set, falling back to default profiles: default
[36m 2021/07/14 17:58 [0;39m [33mWARN [0;39m  - No MyBatis mapper was found in '[com.e_um]' package. Please check your configuration.
[36m 2021/07/14 17:58 [0;39m [32mINFO [0;39m  - Tomcat initialized with port(s): 9090 (http)
[36m 2021/07/14 17:58 [0;39m [32mINFO [0;39m  - Starting service [Tomcat]
[36m 2021/07/14 17:58 [0;39m [32mINFO [0;39m  - Starting Servlet engine: [Apache Tomcat/9.0.48]
[36m 2021/07/14 17:58 [0;39m [32mINFO [0;39m  - Initializing Spring embedded WebApplicationContext
[36m 2021/07/14 17:58 [0;39m [32mINFO [0;39m  - Root WebApplicationContext: initialization completed in 1364 ms
[36m 2021/07/14 17:58 [0;39m [32mDEBUG[0;39m  - ControllerAdvice beans: 0 @ModelAttribute, 0 @InitBinder, 1 RequestBodyAdvice, 1 ResponseBodyAdvice
[36m 2021/07/14 17:58 [0;39m [32mDEBUG[0;39m  - 2 mappings in 'requestMappingHandlerMapping'
[36m 2021/07/14 17:58 [0;39m [32mDEBUG[0;39m  - Patterns [/webjars/**, /**] in 'resourceHandlerMapping'
[36m 2021/07/14 17:58 [0;39m [32mDEBUG[0;39m  - ControllerAdvice beans: 0 @ExceptionHandler, 1 ResponseBodyAdvice
[36m 2021/07/14 17:58 [0;39m [32mINFO [0;39m  - Tomcat started on port(s): 9090 (http) with context path ''
[36m 2021/07/14 17:58 [0;39m [32mINFO [0;39m  - Started Application in 2.894 seconds (JVM running for 3.489)
[36m 2021/07/14 17:58 [0;39m [32mINFO [0;39m  - Application shutdown requested.
[36m 2021/07/14 17:58 [0;39m [32mINFO [0;39m  - Starting Application using Java 11.0.10 on MacBookAir.local with PID 8659 (/Users/sanghyeonkim/Downloads/Dev/final/21AM_e_um_final/target/classes started by sanghyeonkim in /Users/sanghyeonkim/Downloads/Dev/final/21AM_e_um_final)
[36m 2021/07/14 17:58 [0;39m [32mINFO [0;39m  - No active profile set, falling back to default profiles: default
[36m 2021/07/14 17:58 [0;39m [33mWARN [0;39m  - No MyBatis mapper was found in '[com.e_um]' package. Please check your configuration.
[36m 2021/07/14 17:58 [0;39m [32mINFO [0;39m  - Tomcat initialized with port(s): 9090 (http)
[36m 2021/07/14 17:58 [0;39m [32mINFO [0;39m  - Starting service [Tomcat]
[36m 2021/07/14 17:58 [0;39m [32mINFO [0;39m  - Starting Servlet engine: [Apache Tomcat/9.0.48]
[36m 2021/07/14 17:58 [0;39m [32mINFO [0;39m  - Initializing Spring embedded WebApplicationContext
[36m 2021/07/14 17:58 [0;39m [32mINFO [0;39m  - Root WebApplicationContext: initialization completed in 1349 ms
[36m 2021/07/14 17:58 [0;39m [32mDEBUG[0;39m  - ControllerAdvice beans: 0 @ModelAttribute, 0 @InitBinder, 1 RequestBodyAdvice, 1 ResponseBodyAdvice
[36m 2021/07/14 17:58 [0;39m [32mDEBUG[0;39m  - 2 mappings in 'requestMappingHandlerMapping'
[36m 2021/07/14 17:58 [0;39m [32mDEBUG[0;39m  - Patterns [/webjars/**, /**] in 'resourceHandlerMapping'
[36m 2021/07/14 17:58 [0;39m [32mDEBUG[0;39m  - ControllerAdvice beans: 0 @ExceptionHandler, 1 ResponseBodyAdvice
[36m 2021/07/14 17:58 [0;39m [32mINFO [0;39m  - Tomcat started on port(s): 9090 (http) with context path ''
[36m 2021/07/14 17:58 [0;39m [32mINFO [0;39m  - Started Application in 2.817 seconds (JVM running for 3.433)
[36m 2021/07/14 17:59 [0;39m [32mINFO [0;39m  - Application shutdown requested.
[36m 2021/07/14 17:59 [0;39m [32mINFO [0;39m  - Starting Application using Java 11.0.10 on MacBookAir.local with PID 8665 (/Users/sanghyeonkim/Downloads/Dev/final/21AM_e_um_final/target/classes started by sanghyeonkim in /Users/sanghyeonkim/Downloads/Dev/final/21AM_e_um_final)
[36m 2021/07/14 17:59 [0;39m [32mINFO [0;39m  - No active profile set, falling back to default profiles: default
[36m 2021/07/14 17:59 [0;39m [33mWARN [0;39m  - No MyBatis mapper was found in '[com.e_um]' package. Please check your configuration.
[36m 2021/07/14 17:59 [0;39m [32mINFO [0;39m  - Tomcat initialized with port(s): 9090 (http)
[36m 2021/07/14 17:59 [0;39m [32mINFO [0;39m  - Starting service [Tomcat]
[36m 2021/07/14 17:59 [0;39m [32mINFO [0;39m  - Starting Servlet engine: [Apache Tomcat/9.0.48]
[36m 2021/07/14 17:59 [0;39m [32mINFO [0;39m  - Initializing Spring embedded WebApplicationContext
[36m 2021/07/14 17:59 [0;39m [32mINFO [0;39m  - Root WebApplicationContext: initialization completed in 1392 ms
[36m 2021/07/14 17:59 [0;39m [32mDEBUG[0;39m  - ControllerAdvice beans: 0 @ModelAttribute, 0 @InitBinder, 1 RequestBodyAdvice, 1 ResponseBodyAdvice
[36m 2021/07/14 17:59 [0;39m [32mDEBUG[0;39m  - 2 mappings in 'requestMappingHandlerMapping'
[36m 2021/07/14 17:59 [0;39m [32mDEBUG[0;39m  - Patterns [/webjars/**, /**] in 'resourceHandlerMapping'
[36m 2021/07/14 17:59 [0;39m [32mDEBUG[0;39m  - ControllerAdvice beans: 0 @ExceptionHandler, 1 ResponseBodyAdvice
[36m 2021/07/14 17:59 [0;39m [32mINFO [0;39m  - Tomcat started on port(s): 9090 (http) with context path ''
[36m 2021/07/14 17:59 [0;39m [32mINFO [0;39m  - Started Application in 2.929 seconds (JVM running for 3.614)
[36m 2021/07/14 17:59 [0;39m [32mINFO [0;39m  - Application shutdown requested.
